%!Adobe-FontList 1.18
%Locale:0x409

%BeginFont
Handler:DirectoryHandler
FontType:TrueType
FontName:Helvetica
FamilyName:Helvetica
StyleName:Regular
MenuName:Helvetica
StyleBits:0
WeightClass:400
WidthClass:5
AngleClass:0
FullName:Helvetica
WritingScript:Roman
OutlineFileName:\Helvetica.ttc
TTCOffset:48
DataFormat:sfntData
hasSVG:no
FileLength:2319952
FileModTime:1518670161
NameArray:0,Mac,18,Helvetica
NameArray:0,Mac,4,Helvetica
%EndFont

%BeginFont
Handler:DirectoryHandler
FontType:TrueType
FontName:Helvetica-Bold
FamilyName:Helvetica
StyleName:Bold
MenuName:Helvetica
StyleBits:2
WeightClass:700
WidthClass:5
AngleClass:0
FullName:Helvetica Bold
WritingScript:Roman
OutlineFileName:\Helvetica.ttc
TTCOffset:380
DataFormat:sfntData
hasSVG:no
FileLength:2319952
FileModTime:1518670161
NameArray:0,Mac,4,Helvetica Bold
NameArray:0,Mac,4,Helvetica lihava
NameArray:0,Mac,4,Helvetica Gras
NameArray:0,Mac,4,Helvetica Fett
NameArray:0,Mac,4,Helvetica grassetto
NameArray:0,Mac,4,Helvetica vet
NameArray:0,Mac,4,Helvetica Fet
NameArray:0,Mac,4,Helvetica Negrita
NameArray:0,Mac,4,Helvetica Carregado
NameArray:0,Mac,4,Helvetica Halvfet
NameArray:0,Mac,18,Helvetica Bold
NameArray:4,Mac,4,Helvetica‭ ‬أسود
NameArray:4,Mac,4,Helvetica‭ ‬برجسته
NameArray:5,Mac,4,Helvetica‭ ‬עבה
%EndFont

%BeginFont
Handler:DirectoryHandler
FontType:TrueType
FontName:Helvetica-Oblique
FamilyName:Helvetica
StyleName:Oblique
MenuName:Helvetica
StyleBits:1
WeightClass:400
WidthClass:5
AngleClass:1
FullName:Helvetica Oblique
WritingScript:Roman
OutlineFileName:\Helvetica.ttc
TTCOffset:712
DataFormat:sfntData
hasSVG:no
FileLength:2319952
FileModTime:1518670161
NameArray:0,Mac,18,Helvetica Oblique
NameArray:0,Mac,4,Helvetica Oblique
%EndFont

%BeginFont
Handler:DirectoryHandler
FontType:TrueType
FontName:Helvetica-BoldOblique
FamilyName:Helvetica
StyleName:Bold Oblique
MenuName:Helvetica
StyleBits:3
WeightClass:700
WidthClass:5
AngleClass:1
FullName:Helvetica Bold Oblique
WritingScript:Roman
OutlineFileName:\Helvetica.ttc
TTCOffset:1044
DataFormat:sfntData
hasSVG:no
FileLength:2319952
FileModTime:1518670161
NameArray:0,Mac,18,Helvetica Bold Oblique
NameArray:0,Mac,4,Helvetica Bold Oblique
%EndFont

%BeginFont
Handler:DirectoryHandler
FontType:TrueType
FontName:Helvetica-Light
FamilyName:Helvetica
StyleName:Light
MenuName:Helvetica
StyleBits:0
WeightClass:300
WidthClass:5
AngleClass:0
FullName:Helvetica Light
WritingScript:Roman
OutlineFileName:\Helvetica.ttc
TTCOffset:1376
DataFormat:sfntData
hasSVG:no
FileLength:2319952
FileModTime:1518670161
NameArray:0,Mac,18,Helvetica Light
NameArray:0,Mac,4,Helvetica Light
%EndFont

%BeginFont
Handler:DirectoryHandler
FontType:TrueType
FontName:Helvetica-LightOblique
FamilyName:Helvetica
StyleName:Light Oblique
MenuName:Helvetica
StyleBits:1
WeightClass:300
WidthClass:5
AngleClass:1
FullName:Helvetica Light Oblique
WritingScript:Roman
OutlineFileName:\Helvetica.ttc
TTCOffset:1676
DataFormat:sfntData
hasSVG:no
FileLength:2319952
FileModTime:1518670161
NameArray:0,Mac,18,Helvetica Light Oblique
NameArray:0,Mac,4,Helvetica Light Oblique
%EndFont

%BeginFont
Handler:DirectoryHandler
FontType:TrueType
FontName:HelveticaNeue
FamilyName:Helvetica Neue
StyleName:Regular
MenuName:Helvetica Neue
StyleBits:0
WeightClass:400
WidthClass:5
AngleClass:0
FullName:Helvetica Neue
WritingScript:Roman
OutlineFileName:\HelveticaNeue.ttc
TTCOffset:80
DataFormat:sfntData
hasSVG:no
FileLength:6625220
FileModTime:1518670161
NameArray:0,Mac,4,Helvetica Neue
%EndFont

%BeginFont
Handler:DirectoryHandler
FontType:TrueType
FontName:HelveticaNeue-Bold
FamilyName:Helvetica Neue
StyleName:Bold
MenuName:Helvetica Neue
StyleBits:2
WeightClass:700
WidthClass:5
AngleClass:0
FullName:Helvetica Neue Bold
WritingScript:Roman
OutlineFileName:\HelveticaNeue.ttc
TTCOffset:396
DataFormat:sfntData
hasSVG:no
FileLength:6625220
FileModTime:1518670161
NameArray:0,Mac,4,Helvetica Neue Bold
%EndFont

%BeginFont
Handler:DirectoryHandler
FontType:TrueType
FontName:HelveticaNeue-Italic
FamilyName:Helvetica Neue
StyleName:Italic
MenuName:Helvetica Neue
StyleBits:1
WeightClass:400
WidthClass:5
AngleClass:1
FullName:Helvetica Neue Italic
WritingScript:Roman
OutlineFileName:\HelveticaNeue.ttc
TTCOffset:744
DataFormat:sfntData
hasSVG:no
FileLength:6625220
FileModTime:1518670161
NameArray:0,Mac,4,Helvetica Neue Italic
%EndFont

%BeginFont
Handler:DirectoryHandler
FontType:TrueType
FontName:HelveticaNeue-BoldItalic
FamilyName:Helvetica Neue
StyleName:Bold Italic
MenuName:Helvetica Neue
StyleBits:3
WeightClass:700
WidthClass:5
AngleClass:1
FullName:Helvetica Neue Bold Italic
WritingScript:Roman
OutlineFileName:\HelveticaNeue.ttc
TTCOffset:1108
DataFormat:sfntData
hasSVG:no
FileLength:6625220
FileModTime:1518670161
NameArray:0,Mac,4,Helvetica Neue Bold Italic
%EndFont

%BeginFont
Handler:DirectoryHandler
FontType:TrueType
FontName:HelveticaNeue-CondensedBold
FamilyName:Helvetica Neue
StyleName:Condensed Bold
MenuName:Helvetica Neue
StyleBits:2
WeightClass:700
WidthClass:3
AngleClass:0
FullName:Helvetica Neue Condensed Bold
WritingScript:Roman
OutlineFileName:\HelveticaNeue.ttc
TTCOffset:1472
DataFormat:sfntData
hasSVG:no
FileLength:6625220
FileModTime:1518670161
NameArray:0,Mac,4,Helvetica Neue Condensed Bold
%EndFont

%BeginFont
Handler:DirectoryHandler
FontType:TrueType
FontName:HelveticaNeue-UltraLight
FamilyName:Helvetica Neue
StyleName:UltraLight
MenuName:Helvetica Neue
StyleBits:0
WeightClass:100
WidthClass:5
AngleClass:0
FullName:Helvetica Neue UltraLight
WritingScript:Roman
OutlineFileName:\HelveticaNeue.ttc
TTCOffset:1836
DataFormat:sfntData
hasSVG:no
FileLength:6625220
FileModTime:1518670161
NameArray:0,Mac,4,Helvetica Neue UltraLight
%EndFont

%BeginFont
Handler:DirectoryHandler
FontType:TrueType
FontName:HelveticaNeue-UltraLightItalic
FamilyName:Helvetica Neue
StyleName:UltraLight Italic
MenuName:Helvetica Neue
StyleBits:1
WeightClass:100
WidthClass:5
AngleClass:1
FullName:Helvetica Neue UltraLight Italic
WritingScript:Roman
OutlineFileName:\HelveticaNeue.ttc
TTCOffset:2168
DataFormat:sfntData
hasSVG:no
FileLength:6625220
FileModTime:1518670161
NameArray:0,Mac,4,Helvetica Neue UltraLight Italic
%EndFont

%BeginFont
Handler:DirectoryHandler
FontType:TrueType
FontName:HelveticaNeue-Light
FamilyName:Helvetica Neue
StyleName:Light
MenuName:Helvetica Neue
StyleBits:0
WeightClass:300
WidthClass:5
AngleClass:0
FullName:Helvetica Neue Light
WritingScript:Roman
OutlineFileName:\HelveticaNeue.ttc
TTCOffset:2532
DataFormat:sfntData
hasSVG:no
FileLength:6625220
FileModTime:1518670161
NameArray:0,Mac,4,Helvetica Neue Light
%EndFont

%BeginFont
Handler:DirectoryHandler
FontType:TrueType
FontName:HelveticaNeue-LightItalic
FamilyName:Helvetica Neue
StyleName:Light Italic
MenuName:Helvetica Neue
StyleBits:1
WeightClass:300
WidthClass:5
AngleClass:1
FullName:Helvetica Neue Light Italic
WritingScript:Roman
OutlineFileName:\HelveticaNeue.ttc
TTCOffset:2880
DataFormat:sfntData
hasSVG:no
FileLength:6625220
FileModTime:1518670161
NameArray:0,Mac,4,Helvetica Neue Light Italic
%EndFont

%BeginFont
Handler:DirectoryHandler
FontType:TrueType
FontName:HelveticaNeue-CondensedBlack
FamilyName:Helvetica Neue
StyleName:Condensed Black
MenuName:Helvetica Neue
StyleBits:2
WeightClass:900
WidthClass:3
AngleClass:0
FullName:Helvetica Neue Condensed Black
WritingScript:Roman
OutlineFileName:\HelveticaNeue.ttc
TTCOffset:3228
DataFormat:sfntData
hasSVG:no
FileLength:6625220
FileModTime:1518670161
NameArray:0,Mac,4,Helvetica Neue Condensed Black
%EndFont

%BeginFont
Handler:DirectoryHandler
FontType:TrueType
FontName:HelveticaNeue-Medium
FamilyName:Helvetica Neue
StyleName:Medium
MenuName:Helvetica Neue
StyleBits:0
WeightClass:500
WidthClass:5
AngleClass:0
FullName:Helvetica Neue Medium
WritingScript:Roman
OutlineFileName:\HelveticaNeue.ttc
TTCOffset:3592
DataFormat:sfntData
hasSVG:no
FileLength:6625220
FileModTime:1518670161
NameArray:0,Mac,4,Helvetica Neue Medium
%EndFont

%BeginFont
Handler:DirectoryHandler
FontType:TrueType
FontName:HelveticaNeue-MediumItalic
FamilyName:Helvetica Neue
StyleName:Medium Italic
MenuName:Helvetica Neue
StyleBits:0
WeightClass:500
WidthClass:5
AngleClass:0
FullName:Helvetica Neue Medium Italic
WritingScript:Roman
OutlineFileName:\HelveticaNeue.ttc
TTCOffset:3940
DataFormat:sfntData
hasSVG:no
FileLength:6625220
FileModTime:1518670161
NameArray:0,Mac,4,Helvetica Neue Medium Italic
%EndFont

%BeginFont
Handler:DirectoryHandler
FontType:TrueType
FontName:HelveticaNeue-Thin
FamilyName:Helvetica Neue
StyleName:Thin
MenuName:Helvetica Neue
StyleBits:0
WeightClass:200
WidthClass:5
AngleClass:0
FullName:Helvetica Neue Thin
WritingScript:Roman
OutlineFileName:\HelveticaNeue.ttc
TTCOffset:4208
DataFormat:sfntData
hasSVG:no
FileLength:6625220
FileModTime:1518670161
NameArray:0,Mac,4,Helvetica Neue Thin
NameArray:0,Win,1,Helvetica Neue
%EndFont

%BeginFont
Handler:DirectoryHandler
FontType:TrueType
FontName:HelveticaNeue-ThinItalic
FamilyName:Helvetica Neue
StyleName:Thin Italic
MenuName:Helvetica Neue
StyleBits:0
WeightClass:200
WidthClass:5
AngleClass:0
FullName:Helvetica Neue Thin Italic
WritingScript:Roman
OutlineFileName:\HelveticaNeue.ttc
TTCOffset:4540
DataFormat:sfntData
hasSVG:no
FileLength:6625220
FileModTime:1518670161
NameArray:0,Mac,4,Helvetica Neue Thin Italic
NameArray:0,Win,1,Helvetica Neue
%EndFont

